#
# There is insufficient memory for the Java Runtime Environment to continue.
# Native memory allocation (mmap) failed to map 134217728 bytes for Failed to commit area from 0x0000000081400000 to 0x0000000089400000 of length 134217728.
# Possible reasons:
#   The system is out of physical RAM or swap space
#   The process is running with CompressedOops enabled, and the Java Heap may be blocking the growth of the native heap
# Possible solutions:
#   Reduce memory load on the system
#   Increase physical memory or swap space
#   Check if swap backing store is full
#   Decrease Java heap size (-Xmx/-Xms)
#   Decrease number of Java threads
#   Decrease Java thread stack sizes (-Xss)
#   Set larger code cache with -XX:ReservedCodeCacheSize=
# This output file may be truncated or incomplete.
#
#  Out of Memory Error (t:/workspace/open/src/hotspot/os/windows/os_windows.cpp:3301), pid=2892, tid=11016
#
# JRE version:  (13.0.2+8) (build )
# Java VM: Java HotSpot(TM) 64-Bit Server VM (13.0.2+8, mixed mode, aot, sharing, tiered, compressed oops, g1 gc, windows-amd64)
# No core dump will be written. Minidumps are not enabled by default on client versions of Windows
#

---------------  S U M M A R Y ------------

Command Line: -Dcom.sun.management.jmxremote -Dcom.sun.management.jmxremote.port=51611 -Dcom.sun.management.jmxremote.authenticate=false -Dcom.sun.management.jmxremote.ssl=false -Djava.rmi.server.hostname=localhost -Dspring.jmx.enabled=true -Dspring.liveBeansView.mbeanDomain -Dspring.application.admin.enabled=true -Xverify:none -XX:TieredStopAtLevel=1 -Dfile.encoding=UTF-8 com.org.bookstore.BookStoreApplication --spring.output.ansi.enabled=always

Host: Intel(R) Core(TM) m3-7Y30 CPU @ 1.00GHz, 4 cores, 7G,  Windows 10 , 64 bit Build 18362 (10.0.18362.329)
Time: Fri Mar 27 10:40:32 2020 Pakistan Standard Time elapsed time: 0 seconds (0d 0h 0m 0s)

---------------  T H R E A D  ---------------

Current thread (0x000001caaf14c000):  JavaThread "Unknown thread" [_thread_in_vm, id=11016, stack(0x00000096b4100000,0x00000096b4200000)]

Stack: [0x00000096b4100000,0x00000096b4200000]
Native frames: (J=compiled Java code, j=interpreted, Vv=VM code, C=native code)
V  [jvm.dll+0x624f9a]
V  [jvm.dll+0x770cfa]
V  [jvm.dll+0x7724af]
V  [jvm.dll+0x772ab3]
V  [jvm.dll+0x24bf08]
V  [jvm.dll+0x6222aa]
V  [jvm.dll+0x6170b5]
V  [jvm.dll+0x30a88c]
V  [jvm.dll+0x30a6c2]
V  [jvm.dll+0x30fe36]
V  [jvm.dll+0x353f46]
V  [jvm.dll+0x353720]
V  [jvm.dll+0x2e550a]
V  [jvm.dll+0x2e67a2]
V  [jvm.dll+0x74dd78]
V  [jvm.dll+0x361989]
V  [jvm.dll+0x730e65]
V  [jvm.dll+0x3cc53f]
V  [jvm.dll+0x3ce861]
C  [jli.dll+0x51ff]
C  [ucrtbase.dll+0x20e72]
C  [KERNEL32.DLL+0x17bd4]
C  [ntdll.dll+0x6ced1]


---------------  P R O C E S S  ---------------

Threads class SMR info:
_java_thread_list=0x00007ffaa0efccb8, length=0, elements={
}

Java Threads: ( => current thread )

Other Threads:
  0x000001caaf18f800 GCTaskThread "GC Thread#0" [stack: 0x00000096b4200000,0x00000096b4300000] [id=8224]
  0x000001caaf1a1800 ConcurrentGCThread "G1 Main Marker" [stack: 0x00000096b4300000,0x00000096b4400000] [id=10492]
  0x000001caaf1a3000 ConcurrentGCThread "G1 Conc#0" [stack: 0x00000096b4400000,0x00000096b4500000] [id=12536]

[error occurred during error reporting (printing all threads), id 0xc0000005, EXCEPTION_ACCESS_VIOLATION (0xc0000005) at pc=0x00007ffaa07351d7]

VM state:not at safepoint (not fully initialized)

VM Mutex/Monitor currently owned by a thread:  ([mutex/lock_event])
[0x000001caaf148d00] Heap_lock - owner thread: 0x000001caaf14c000

Heap address: 0x0000000081400000, size: 2028 MB, Compressed Oops mode: Non-zero based: 0x0000000081400000
Narrow klass base: 0x0000000000000000, Narrow klass shift: 0

GC Heap History (0 events):
No events

Deoptimization events (0 events):
No events

Classes unloaded (0 events):
No events

Classes redefined (0 events):
No events

Internal exceptions (0 events):
No events

Events (8 events):
Event: 0.010 Loaded shared library C:\Program Files\Java\jdk-13.0.2\bin\zip.dll
Event: 0.011 Loaded shared library C:\Program Files\Java\jdk-13.0.2\bin\jimage.dll
Event: 0.012 Loading shared library C:\Program Files\Java\jdk-13.0.2\lib\libjava.base-coop.dll failed, error code 126
Event: 0.012 Loading shared library C:\Program Files\Java\jdk-13.0.2\lib\libjava.logging-coop.dll failed, error code 126
Event: 0.012 Loading shared library C:\Program Files\Java\jdk-13.0.2\lib\libjdk.compiler-coop.dll failed, error code 126
Event: 0.012 Loading shared library C:\Program Files\Java\jdk-13.0.2\lib\libjdk.scripting.nashorn-coop.dll failed, error code 126
Event: 0.012 Loading shared library C:\Program Files\Java\jdk-13.0.2\lib\libjdk.internal.vm.ci-coop.dll failed, error code 126
Event: 0.012 Loading shared library C:\Program Files\Java\jdk-13.0.2\lib\libjdk.internal.vm.compiler-coop.dll failed, error code 126


Dynamic libraries:
0x00007ff71de80000 - 0x00007ff71de8f000 	C:\Program Files\Java\jdk-13.0.2\bin\javaw.exe
0x00007ffad51c0000 - 0x00007ffad53b0000 	C:\WINDOWS\SYSTEM32\ntdll.dll
0x00007ffad3500000 - 0x00007ffad35b2000 	C:\WINDOWS\System32\KERNEL32.DLL
0x00007ffad2fc0000 - 0x00007ffad3263000 	C:\WINDOWS\System32\KERNELBASE.dll
0x00007ffad2ec0000 - 0x00007ffad2fba000 	C:\WINDOWS\System32\ucrtbase.dll
0x00007ffaadb50000 - 0x00007ffaadb68000 	C:\Program Files\Java\jdk-13.0.2\bin\jli.dll
0x00007ffaa7880000 - 0x00007ffaa7895000 	C:\Program Files\Java\jdk-13.0.2\bin\VCRUNTIME140.dll
0x00007ffad4900000 - 0x00007ffad49a3000 	C:\WINDOWS\System32\ADVAPI32.dll
0x00007ffad5010000 - 0x00007ffad50ae000 	C:\WINDOWS\System32\msvcrt.dll
0x00007ffad3cb0000 - 0x00007ffad3d47000 	C:\WINDOWS\System32\sechost.dll
0x00007ffad3270000 - 0x00007ffad3390000 	C:\WINDOWS\System32\RPCRT4.dll
0x00007ffad4a90000 - 0x00007ffad4c24000 	C:\WINDOWS\System32\USER32.dll
0x00007ffad25e0000 - 0x00007ffad2601000 	C:\WINDOWS\System32\win32u.dll
0x00007ffad4e10000 - 0x00007ffad4e36000 	C:\WINDOWS\System32\GDI32.dll
0x00007ffab7180000 - 0x00007ffab7405000 	C:\WINDOWS\WinSxS\amd64_microsoft.windows.common-controls_6595b64144ccf1df_6.0.18362.720_none_e6beb5c51314836b\COMCTL32.dll
0x00007ffad4470000 - 0x00007ffad47a6000 	C:\WINDOWS\System32\combase.dll
0x00007ffad21d0000 - 0x00007ffad2364000 	C:\WINDOWS\System32\gdi32full.dll
0x00007ffad2610000 - 0x00007ffad2690000 	C:\WINDOWS\System32\bcryptPrimitives.dll
0x00007ffad23a0000 - 0x00007ffad243e000 	C:\WINDOWS\System32\msvcp_win.dll
0x00007ffacb640000 - 0x00007ffacb64a000 	C:\WINDOWS\SYSTEM32\VERSION.dll
0x00007ffad4e40000 - 0x00007ffad4e6e000 	C:\WINDOWS\System32\IMM32.DLL
0x00007ffaa5f20000 - 0x00007ffaa5fbb000 	C:\Program Files\Java\jdk-13.0.2\bin\msvcp140.dll
0x00007ffaa0440000 - 0x00007ffaa0f9d000 	C:\Program Files\Java\jdk-13.0.2\bin\server\jvm.dll
0x00007ffad47b0000 - 0x00007ffad47b8000 	C:\WINDOWS\System32\PSAPI.DLL
0x00007ffac3a30000 - 0x00007ffac3a39000 	C:\WINDOWS\SYSTEM32\WSOCK32.dll
0x00007ffad4fa0000 - 0x00007ffad500f000 	C:\WINDOWS\System32\WS2_32.dll
0x00007ffacf860000 - 0x00007ffacf884000 	C:\WINDOWS\SYSTEM32\WINMM.dll
0x00007ffacf810000 - 0x00007ffacf83d000 	C:\WINDOWS\SYSTEM32\winmmbase.dll
0x00007ffad2590000 - 0x00007ffad25da000 	C:\WINDOWS\System32\cfgmgr32.dll
0x00007ffad2090000 - 0x00007ffad20a1000 	C:\WINDOWS\System32\kernel.appcore.dll
0x00007ffacf6f0000 - 0x00007ffacf700000 	C:\Program Files\Java\jdk-13.0.2\bin\verify.dll
0x00007ffad0bf0000 - 0x00007ffad0de4000 	C:\WINDOWS\SYSTEM32\DBGHELP.DLL
0x00007ffac3a40000 - 0x00007ffac3a6a000 	C:\WINDOWS\SYSTEM32\dbgcore.DLL
0x00007ffab8110000 - 0x00007ffab8136000 	C:\Program Files\Java\jdk-13.0.2\bin\java.dll
0x00007ffac7b30000 - 0x00007ffac7b47000 	C:\Program Files\Java\jdk-13.0.2\bin\zip.dll
0x00007fface1d0000 - 0x00007fface1da000 	C:\Program Files\Java\jdk-13.0.2\bin\jimage.dll

dbghelp: loaded successfully - version: 4.0.5 - missing functions: none
symbol engine: initialized successfully - sym options: 0x614 - pdb path: .;C:\Program Files\Java\jdk-13.0.2\bin;C:\WINDOWS\SYSTEM32;C:\WINDOWS\WinSxS\amd64_microsoft.windows.common-controls_6595b64144ccf1df_6.0.18362.720_none_e6beb5c51314836b;C:\Program Files\Java\jdk-13.0.2\bin\server

VM Arguments:
jvm_args: -Dcom.sun.management.jmxremote -Dcom.sun.management.jmxremote.port=51611 -Dcom.sun.management.jmxremote.authenticate=false -Dcom.sun.management.jmxremote.ssl=false -Djava.rmi.server.hostname=localhost -Dspring.jmx.enabled=true -Dspring.liveBeansView.mbeanDomain -Dspring.application.admin.enabled=true -Xverify:none -XX:TieredStopAtLevel=1 -Dfile.encoding=UTF-8 
java_command: com.org.bookstore.BookStoreApplication --spring.output.ansi.enabled=always
java_class_path (initial): D:\angular-spring\deploy\my-book-store\book-store\target\classes;C:\Users\kaleem\.m2\repository\org\springframework\boot\spring-boot-starter-security\2.1.4.RELEASE\spring-boot-starter-security-2.1.4.RELEASE.jar;C:\Users\kaleem\.m2\repository\org\springframework\boot\spring-boot-starter\2.1.4.RELEASE\spring-boot-starter-2.1.4.RELEASE.jar;C:\Users\kaleem\.m2\repository\org\springframework\boot\spring-boot-starter-logging\2.1.4.RELEASE\spring-boot-starter-logging-2.1.4.RELEASE.jar;C:\Users\kaleem\.m2\repository\ch\qos\logback\logback-classic\1.2.3\logback-classic-1.2.3.jar;C:\Users\kaleem\.m2\repository\ch\qos\logback\logback-core\1.2.3\logback-core-1.2.3.jar;C:\Users\kaleem\.m2\repository\org\apache\logging\log4j\log4j-to-slf4j\2.11.2\log4j-to-slf4j-2.11.2.jar;C:\Users\kaleem\.m2\repository\org\apache\logging\log4j\log4j-api\2.11.2\log4j-api-2.11.2.jar;C:\Users\kaleem\.m2\repository\org\slf4j\jul-to-slf4j\1.7.26\jul-to-slf4j-1.7.26.jar;C:\Users\kaleem\.m2\repository\javax\annotation\javax.annotation-api\1.3.2\javax.annotation-api-1.3.2.jar;C:\Users\kaleem\.m2\repository\org\yaml\snakeyaml\1.23\snakeyaml-1.23.jar;C:\Users\kaleem\.m2\repository\org\springframework\spring-aop\5.1.6.RELEASE\spring-aop-5.1.6.RELEASE.jar;C:\Users\kaleem\.m2\repository\org\springframework\spring-beans\5.1.6.RELEASE\spring-beans-5.1.6.RELEASE.jar;C:\Users\kaleem\.m2\repository\org\springframework\security\spring-security-config\5.1.5.RELEASE\spring-security-config-5.1.5.RELEASE.jar;C:\Users\kaleem\.m2\repository\org\springframework\spring-context\5.1.6.RELEASE\spring-context-5.1.6.RELEASE.jar;C:\Users\kaleem\.m2\repository\org\springframework\security\spring-security-web\5.1.5.RELEASE\spring-security-web-5.1.5.RELEASE.jar;C:\Users\kaleem\.m2\repository\org\springframework\spring-expression\5.1.6.RELEASE\spring-expression-5.1.6.RELEASE.jar;C:\Users\kaleem\.m2\repository\org\springframework\boot\spring-boot-starter-web\2.1.4.RELEASE\spring-boot-starter-web-2.1.4.REL
Launcher Type: SUN_STANDARD

[Global flags]
     intx CICompilerCount                          = 3                                         {product} {ergonomic}
     uint ConcGCThreads                            = 1                                         {product} {ergonomic}
     uint G1ConcRefinementThreads                  = 4                                         {product} {ergonomic}
   size_t G1HeapRegionSize                         = 1048576                                   {product} {ergonomic}
    uintx GCDrainStackTargetSize                   = 64                                        {product} {ergonomic}
   size_t InitialHeapSize                          = 134217728                                 {product} {ergonomic}
     bool ManagementServer                         = true                                      {product} {command line}
   size_t MarkStackSize                            = 4194304                                   {product} {ergonomic}
   size_t MaxHeapSize                              = 2126512128                                {product} {ergonomic}
   size_t MinHeapDeltaBytes                        = 1048576                                   {product} {ergonomic}
   size_t MinHeapSize                              = 8388608                                   {product} {ergonomic}
    uintx NonNMethodCodeHeapSize                   = 6973028                                {pd product} {ergonomic}
    uintx NonProfiledCodeHeapSize                  = 244685212                              {pd product} {ergonomic}
    uintx ProfiledCodeHeapSize                     = 0                                      {pd product} {ergonomic}
    uintx ReservedCodeCacheSize                    = 251658240                              {pd product} {ergonomic}
     bool SegmentedCodeCache                       = true                                      {product} {ergonomic}
   size_t SoftMaxHeapSize                          = 2126512128                             {manageable} {ergonomic}
     intx TieredStopAtLevel                        = 1                                         {product} {command line}
     bool UseCompressedClassPointers               = true                                 {lp64_product} {ergonomic}
     bool UseCompressedOops                        = true                                 {lp64_product} {ergonomic}
     bool UseG1GC                                  = true                                      {product} {ergonomic}
     bool UseLargePagesIndividualAllocation        = false                                  {pd product} {ergonomic}

Logging:
Log output configuration:
 #0: stdout all=warning uptime,level,tags
 #1: stderr all=off uptime,level,tags

Environment Variables:
PATH=C:/Program Files/Java/jdk-13.0.2/bin/server;C:/Program Files/Java/jdk-13.0.2/bin;C:\ProgramData\Anaconda3;C:\ProgramData\Anaconda3\Library\mingw-w64\bin;C:\ProgramData\Anaconda3\Library\usr\bin;C:\ProgramData\Anaconda3\Library\bin;C:\ProgramData\Anaconda3\Scripts;C:\oracle\product\10.2.0\db_1\bin;C:\Program Files (x86)\Intel\Intel(R) Management Engine Components\iCLS\;C:\Program Files\Intel\Intel(R) Management Engine Components\iCLS\;C:\WINDOWS\system32;C:\WINDOWS;C:\WINDOWS\System32\Wbem;C:\WINDOWS\System32\WindowsPowerShell\v1.0\;C:\WINDOWS\System32\OpenSSH\;C:\Program Files (x86)\Intel\Intel(R) Management Engine Components\DAL;C:\Program Files\Intel\Intel(R) Management Engine Components\DAL;C:\Program Files (x86)\Intel\Intel(R) Management Engine Components\IPT;C:\Program Files\Intel\Intel(R) Management Engine Components\IPT;C:\Program Files\Intel\WiFi\bin\;C:\Program Files\Common Files\Intel\WirelessCommon\;D:\Program Files\nodejs\;C:\Program Files\Git\cmd;C:\Program Files\Java\jdk-13.0.2\bin;c:\Program Files (x86)\Microsoft SQL Server\90\Tools\binn\;C:\Users\kaleem\Desktop\spring-boot-cli-2.2.4.RELEASE-bin\spring-2.2.4.RELEASE\bin;C:\Users\kaleem\.gradle\wrapper\dists\gradle-6.0.1-bin\1lxlpkiy24sb18odw96cp4ojv\gradle-6.0.1\bin;C:\Program Files\PostgreSQL\10\bin;C:\Program Files\PostgreSQL\10\lib;C:\Users\kaleem\AppData\Roaming\npm;C:\Users\kaleem\AppData\Local\Programs\Microsoft VS Code\bin;C:\Users\kaleem\AppData\Local\Microsoft\WindowsApps;C:\Program Files\heroku\bin;C:\Users\kaleem\Downloads\Compressed\spring-tool-suite-3.9.9.RELEASE-e4.12.0-win32-x86_64\sts-bundle\sts-3.9.9.RELEASE;
USERNAME=kaleem
OS=Windows_NT
PROCESSOR_IDENTIFIER=Intel64 Family 6 Model 142 Stepping 9, GenuineIntel



---------------  S Y S T E M  ---------------

OS: Windows 10 , 64 bit Build 18362 (10.0.18362.329)

CPU:total 4 (initial active 4) (2 cores per cpu, 2 threads per core) family 6 model 142 stepping 9, cmov, cx8, fxsr, mmx, sse, sse2, sse3, ssse3, sse4.1, sse4.2, popcnt, avx, avx2, aes, clmul, erms, 3dnowpref, lzcnt, ht, tsc, tscinvbit, bmi1, bmi2, adx, fma

Memory: 4k page, system-wide physical 8110M (1306M free)
TotalPageFile size 10019M (AvailPageFile size 53M)
current process WorkingSet (physical memory assigned to process): 10M, peak: 10M
current process commit charge ("private bytes"): 49M, peak: 177M

vm_info: Java HotSpot(TM) 64-Bit Server VM (13.0.2+8) for windows-amd64 JRE (13.0.2+8), built on Dec 11 2019 09:20:33 by "mach5one" with unknown MS VC++:1916

END.
